<?xml version="1.0" encoding="UTF-8"?>
<testsuite xmlns:xsi="http://www.w3.org/2001/XMLSchema-instance" xsi:noNamespaceSchemaLocation="https://maven.apache.org/surefire/maven-surefire-plugin/xsd/surefire-test-report.xsd" name="BaccaratGameLogicTest" time="0.001" tests="9" errors="0" skipped="0" failures="0">
  <properties>
[...]
</properties>
  <testcase name="whoWonTest" classname="BaccaratGameLogicTest" time="0.001"/>
  <testcase name="BankerDraw" classname="BaccaratGameLogicTest" time="0"/>
  <testcase name="BankerDraw2" classname="BaccaratGameLogicTest" time="0"/>
  <testcase name="handTotal" classname="BaccaratGameLogicTest" time="0"/>
  <testcase name="playerDraw2" classname="BaccaratGameLogicTest" time="0"/>
  <testcase name="handTotal2" classname="BaccaratGameLogicTest" time="0"/>
  <testcase name="handTotal3" classname="BaccaratGameLogicTest" time="0"/>
  <testcase name="playerDraw" classname="BaccaratGameLogicTest" time="0"/>
  <testcase name="whoWinTest2" classname="BaccaratGameLogicTest" time="0"/>
</testsuite>